  main.cpp
C:\Users\Dell\source\repos\Whispering Abyss\player.h(97,37): warning C4244: '=': conversion from 'int' to 'float', possible loss of data
  (compiling source file 'main.cpp')
  
C:\Users\Dell\source\repos\Whispering Abyss\enemy.h(51,42): warning C4244: '=': conversion from 'int' to 'T', possible loss of data
C:\Users\Dell\source\repos\Whispering Abyss\enemy.h(51,42): warning C4244:         with
C:\Users\Dell\source\repos\Whispering Abyss\enemy.h(51,42): warning C4244:         [
C:\Users\Dell\source\repos\Whispering Abyss\enemy.h(51,42): warning C4244:             T=float
C:\Users\Dell\source\repos\Whispering Abyss\enemy.h(51,42): warning C4244:         ]
  (compiling source file 'main.cpp')
  
C:\Users\Dell\source\repos\Whispering Abyss\enemy.h(74,61): warning C4244: '=': conversion from 'int' to 'T', possible loss of data
C:\Users\Dell\source\repos\Whispering Abyss\enemy.h(74,61): warning C4244:         with
C:\Users\Dell\source\repos\Whispering Abyss\enemy.h(74,61): warning C4244:         [
C:\Users\Dell\source\repos\Whispering Abyss\enemy.h(74,61): warning C4244:             T=float
C:\Users\Dell\source\repos\Whispering Abyss\enemy.h(74,61): warning C4244:         ]
  (compiling source file 'main.cpp')
  
C:\Users\Dell\source\repos\Whispering Abyss\bigE.h(329,39): warning C4244: '=': conversion from 'int' to 'float', possible loss of data
  (compiling source file 'main.cpp')
  
C:\Users\Dell\source\repos\Whispering Abyss\menu.h(730,29): warning C4566: character represented by universal-character-name '\U0001F947' cannot be represented in the current code page (1252)
  (compiling source file 'main.cpp')
  
C:\Users\Dell\source\repos\Whispering Abyss\menu.h(730,37): warning C4566: character represented by universal-character-name '\U0001F948' cannot be represented in the current code page (1252)
  (compiling source file 'main.cpp')
  
C:\Users\Dell\source\repos\Whispering Abyss\menu.h(730,45): warning C4566: character represented by universal-character-name '\U0001F949' cannot be represented in the current code page (1252)
  (compiling source file 'main.cpp')
  
C:\Users\Dell\source\repos\Whispering Abyss\main.cpp(35,17): warning C4244: 'initializing': conversion from 'int' to 'float', possible loss of data
C:\Users\Dell\source\repos\Whispering Abyss\main.cpp(36,17): warning C4244: 'initializing': conversion from 'int' to 'float', possible loss of data
C:\Users\Dell\source\repos\Whispering Abyss\main.cpp(52,46): warning C4267: '=': conversion from 'size_t' to 'int', possible loss of data
C:\Users\Dell\source\repos\Whispering Abyss\main.cpp(584,26): warning C4244: '=': conversion from 'int' to 'float', possible loss of data
C:\Users\Dell\source\repos\Whispering Abyss\main.cpp(628,30): warning C4244: '=': conversion from 'int' to 'float', possible loss of data
C:\Users\Dell\source\repos\Whispering Abyss\main.cpp(947,80): warning C4244: 'argument': conversion from 'int' to 'T', possible loss of data
C:\Users\Dell\source\repos\Whispering Abyss\main.cpp(947,80): warning C4244:         with
C:\Users\Dell\source\repos\Whispering Abyss\main.cpp(947,80): warning C4244:         [
C:\Users\Dell\source\repos\Whispering Abyss\main.cpp(947,80): warning C4244:             T=float
C:\Users\Dell\source\repos\Whispering Abyss\main.cpp(947,80): warning C4244:         ]
C:\Users\Dell\source\repos\Whispering Abyss\main.cpp(947,69): warning C4244: 'argument': conversion from 'int' to 'T', possible loss of data
C:\Users\Dell\source\repos\Whispering Abyss\main.cpp(947,69): warning C4244:         with
C:\Users\Dell\source\repos\Whispering Abyss\main.cpp(947,69): warning C4244:         [
C:\Users\Dell\source\repos\Whispering Abyss\main.cpp(947,69): warning C4244:             T=float
C:\Users\Dell\source\repos\Whispering Abyss\main.cpp(947,69): warning C4244:         ]
C:\Users\Dell\source\repos\Whispering Abyss\main.cpp(947,55): warning C4244: 'argument': conversion from 'int' to 'T', possible loss of data
C:\Users\Dell\source\repos\Whispering Abyss\main.cpp(947,55): warning C4244:         with
C:\Users\Dell\source\repos\Whispering Abyss\main.cpp(947,55): warning C4244:         [
C:\Users\Dell\source\repos\Whispering Abyss\main.cpp(947,55): warning C4244:             T=float
C:\Users\Dell\source\repos\Whispering Abyss\main.cpp(947,55): warning C4244:         ]
C:\Users\Dell\source\repos\Whispering Abyss\main.cpp(947,38): warning C4244: 'argument': conversion from 'int' to 'T', possible loss of data
C:\Users\Dell\source\repos\Whispering Abyss\main.cpp(947,38): warning C4244:         with
C:\Users\Dell\source\repos\Whispering Abyss\main.cpp(947,38): warning C4244:         [
C:\Users\Dell\source\repos\Whispering Abyss\main.cpp(947,38): warning C4244:             T=float
C:\Users\Dell\source\repos\Whispering Abyss\main.cpp(947,38): warning C4244:         ]
C:\Users\Dell\source\repos\Whispering Abyss\main.cpp(974,90): warning C4244: 'argument': conversion from 'int' to 'T', possible loss of data
C:\Users\Dell\source\repos\Whispering Abyss\main.cpp(974,90): warning C4244:         with
C:\Users\Dell\source\repos\Whispering Abyss\main.cpp(974,90): warning C4244:         [
C:\Users\Dell\source\repos\Whispering Abyss\main.cpp(974,90): warning C4244:             T=float
C:\Users\Dell\source\repos\Whispering Abyss\main.cpp(974,90): warning C4244:         ]
C:\Users\Dell\source\repos\Whispering Abyss\main.cpp(974,78): warning C4244: 'argument': conversion from 'int' to 'T', possible loss of data
C:\Users\Dell\source\repos\Whispering Abyss\main.cpp(974,78): warning C4244:         with
C:\Users\Dell\source\repos\Whispering Abyss\main.cpp(974,78): warning C4244:         [
C:\Users\Dell\source\repos\Whispering Abyss\main.cpp(974,78): warning C4244:             T=float
C:\Users\Dell\source\repos\Whispering Abyss\main.cpp(974,78): warning C4244:         ]
C:\Users\Dell\source\repos\Whispering Abyss\main.cpp(974,64): warning C4244: 'argument': conversion from 'int' to 'T', possible loss of data
C:\Users\Dell\source\repos\Whispering Abyss\main.cpp(974,64): warning C4244:         with
C:\Users\Dell\source\repos\Whispering Abyss\main.cpp(974,64): warning C4244:         [
C:\Users\Dell\source\repos\Whispering Abyss\main.cpp(974,64): warning C4244:             T=float
C:\Users\Dell\source\repos\Whispering Abyss\main.cpp(974,64): warning C4244:         ]
C:\Users\Dell\source\repos\Whispering Abyss\main.cpp(974,46): warning C4244: 'argument': conversion from 'int' to 'T', possible loss of data
C:\Users\Dell\source\repos\Whispering Abyss\main.cpp(974,46): warning C4244:         with
C:\Users\Dell\source\repos\Whispering Abyss\main.cpp(974,46): warning C4244:         [
C:\Users\Dell\source\repos\Whispering Abyss\main.cpp(974,46): warning C4244:             T=float
C:\Users\Dell\source\repos\Whispering Abyss\main.cpp(974,46): warning C4244:         ]
  Whispering Abyss.vcxproj -> C:\Users\Dell\source\repos\Whispering Abyss\x64\Debug\Whispering Abyss.exe
